2025-12-08 16:32:18,995 - INFO - =================================================
2025-12-08 16:32:18,995 - INFO - شروع فرآیند هوشمند محاسبه و همگام‌سازی جریمه‌ها...
2025-12-08 16:32:18,995 - INFO - در حال اتصال به پایگاه داده...
2025-12-08 16:32:19,623 - INFO - اتصال با موفقیت برقرار شد.
2025-12-08 16:32:19,625 - INFO - تاریخ امروز (شمسی) برای محاسبه: 1404/09/17
2025-12-08 16:32:19,625 - INFO - در حال اجرای کوئری همگام‌سازی جریمه‌ها...
2025-12-08 16:32:19,811 - INFO - عملیات با موفقیت انجام شد. تعداد 1 قسط به‌روزرسانی شدند.
2025-12-08 16:32:19,812 - INFO - پایان فرآیند همگام‌سازی جریمه‌ها.
2025-12-08 16:32:19,812 - INFO - =================================================

2025-12-08 16:33:09,241 - INFO - =================================================
2025-12-08 16:33:09,241 - INFO - شروع فرآیند هوشمند محاسبه و همگام‌سازی جریمه‌ها...
2025-12-08 16:33:09,242 - INFO - در حال اتصال به پایگاه داده...
2025-12-08 16:33:09,446 - INFO - اتصال با موفقیت برقرار شد.
2025-12-08 16:33:09,447 - INFO - تاریخ امروز (شمسی) برای محاسبه: 1404/09/17
2025-12-08 16:33:09,447 - INFO - در حال اجرای کوئری همگام‌سازی جریمه‌ها...
2025-12-08 16:33:09,450 - INFO - تمام جریمه‌ها در دیتابیس صحیح و به‌روز بودند. هیچ تغییری لازم نبود.
2025-12-08 16:33:09,450 - INFO - پایان فرآیند همگام‌سازی جریمه‌ها.
2025-12-08 16:33:09,450 - INFO - =================================================

2025-12-08 17:13:09,388 - INFO - =================================================
2025-12-08 17:13:09,388 - INFO - شروع فرآیند هوشمند محاسبه و همگام‌سازی جریمه‌ها...
2025-12-08 17:13:09,388 - INFO - در حال اتصال به پایگاه داده...
2025-12-08 17:13:09,597 - INFO - اتصال با موفقیت برقرار شد.
2025-12-08 17:13:09,598 - INFO - تاریخ امروز (شمسی) برای محاسبه: 1404/09/17
2025-12-08 17:13:09,598 - INFO - در حال اجرای کوئری همگام‌سازی جریمه‌ها...
2025-12-08 17:13:09,606 - INFO - عملیات با موفقیت انجام شد. تعداد 1 قسط به‌روزرسانی شدند.
2025-12-08 17:13:09,607 - INFO - پایان فرآیند همگام‌سازی جریمه‌ها.
2025-12-08 17:13:09,607 - INFO - =================================================

2025-12-08 19:47:28,738 - INFO - =================================================
2025-12-08 19:47:28,741 - INFO - شروع فرآیند هوشمند محاسبه و همگام‌سازی جریمه‌ها...
2025-12-08 19:47:28,742 - INFO - در حال اتصال به پایگاه داده...
2025-12-08 19:47:28,952 - INFO - اتصال با موفقیت برقرار شد.
2025-12-08 19:47:28,953 - INFO - تاریخ امروز (شمسی) برای محاسبه: 1404/09/17
2025-12-08 19:47:28,956 - INFO - در حال اجرای کوئری همگام‌سازی جریمه‌ها...
2025-12-08 19:47:29,027 - INFO - عملیات با موفقیت انجام شد. تعداد 1 قسط به‌روزرسانی شدند.
2025-12-08 19:47:29,028 - INFO - پایان فرآیند همگام‌سازی جریمه‌ها.
2025-12-08 19:47:29,028 - INFO - =================================================

2025-12-08 19:57:23,970 - INFO - =================================================
2025-12-08 19:57:23,970 - INFO - شروع فرآیند هوشمند تعیین وضعیت و محاسبه جریمه‌ها...
2025-12-08 19:57:23,971 - INFO - در حال اتصال به پایگاه داده...
2025-12-08 19:57:24,196 - INFO - اتصال با موفقیت برقرار شد.
2025-12-08 19:57:24,197 - INFO - تاریخ امروز (شمسی) برای محاسبه: 1404/09/17
2025-12-08 19:57:24,197 - INFO - در حال اجرای کوئری همگام‌سازی وضعیت‌ها و جریمه‌ها...
2025-12-08 19:57:24,277 - INFO - عملیات با موفقیت انجام شد. تعداد 1 قسط به‌روزرسانی (تعیین وضعیت/محاسبه جریمه) شدند.
2025-12-08 19:57:24,277 - INFO - پایان فرآیند.
2025-12-08 19:57:24,277 - INFO - =================================================

2025-12-08 19:58:52,793 - INFO - =================================================
2025-12-08 19:58:52,794 - INFO - شروع فرآیند هوشمند تعیین وضعیت و محاسبه جریمه‌ها...
2025-12-08 19:58:52,794 - INFO - در حال اتصال به پایگاه داده...
2025-12-08 19:58:53,023 - INFO - اتصال با موفقیت برقرار شد.
2025-12-08 19:58:53,025 - INFO - تاریخ امروز (شمسی) برای محاسبه: 1404/09/17
2025-12-08 19:58:53,025 - INFO - در حال اجرای کوئری همگام‌سازی وضعیت‌ها و جریمه‌ها...
2025-12-08 19:58:53,034 - INFO - عملیات با موفقیت انجام شد. تعداد 1 قسط به‌روزرسانی (تعیین وضعیت/محاسبه جریمه) شدند.
2025-12-08 19:58:53,034 - INFO - پایان فرآیند.
2025-12-08 19:58:53,034 - INFO - =================================================

2025-12-08 20:03:12,111 - INFO - =================================================
2025-12-08 20:03:12,112 - INFO - شروع فرآیند هوشمند تعیین وضعیت و محاسبه جریمه‌ها...
2025-12-08 20:03:12,112 - INFO - در حال اتصال به پایگاه داده...
2025-12-08 20:03:12,339 - INFO - اتصال با موفقیت برقرار شد.
2025-12-08 20:03:12,341 - INFO - تاریخ امروز (شمسی) برای محاسبه: 1404/09/17
2025-12-08 20:03:12,341 - INFO - در حال اجرای کوئری همگام‌سازی وضعیت‌ها و جریمه‌ها...
2025-12-08 20:03:12,349 - INFO - عملیات با موفقیت انجام شد. تعداد 1 قسط به‌روزرسانی (تعیین وضعیت/محاسبه جریمه) شدند.
2025-12-08 20:03:12,349 - INFO - پایان فرآیند.
2025-12-08 20:03:12,349 - INFO - =================================================

2025-12-08 20:06:08,022 - INFO - =================================================
2025-12-08 20:06:08,023 - INFO - شروع فرآیند هوشمند تعیین وضعیت و محاسبه جریمه‌ها...
2025-12-08 20:06:08,023 - INFO - در حال اتصال به پایگاه داده...
2025-12-08 20:06:08,241 - INFO - اتصال با موفقیت برقرار شد.
2025-12-08 20:06:08,241 - INFO - تاریخ امروز (شمسی) برای محاسبه: 1404/09/17
2025-12-08 20:06:08,242 - INFO - در حال اجرای کوئری همگام‌سازی وضعیت‌ها و جریمه‌ها...
2025-12-08 20:06:08,245 - INFO - اطلاعات تمام اقساط صحیح و به‌روز بود. تغییری اعمال نشد.
2025-12-08 20:06:08,245 - INFO - پایان فرآیند.
2025-12-08 20:06:08,245 - INFO - =================================================

2025-12-08 20:06:46,774 - INFO - =================================================
2025-12-08 20:06:46,774 - INFO - شروع فرآیند هوشمند تعیین وضعیت و محاسبه جریمه‌ها...
2025-12-08 20:06:46,775 - INFO - در حال اتصال به پایگاه داده...
2025-12-08 20:06:47,003 - INFO - اتصال با موفقیت برقرار شد.
2025-12-08 20:06:47,003 - INFO - تاریخ امروز (شمسی) برای محاسبه: 1404/09/17
2025-12-08 20:06:47,004 - INFO - در حال اجرای کوئری همگام‌سازی وضعیت‌ها و جریمه‌ها...
2025-12-08 20:06:47,010 - INFO - عملیات با موفقیت انجام شد. تعداد 4 قسط به‌روزرسانی (تعیین وضعیت/محاسبه جریمه) شدند.
2025-12-08 20:06:47,010 - INFO - پایان فرآیند.
2025-12-08 20:06:47,010 - INFO - =================================================

