2025-09-18 22:34:38,699 - INFO - =================================================
2025-09-18 22:34:38,699 - INFO - شروع فرآیند محاسبه روزانه جریمه‌ها...
2025-09-18 22:34:38,703 - INFO - در حال اتصال به پایگاه داده...
2025-09-18 22:34:39,106 - INFO - اتصال با موفقیت برقرار شد.
2025-09-18 22:34:39,107 - INFO - در حال اجرای کوئری به‌روزرسانی جریمه‌ها...
2025-09-18 22:34:39,208 - CRITICAL - خطا در اتصال یا اجرای کوئری دیتابیس: ('22007', '[22007] [Microsoft][ODBC Driver 17 for SQL Server][SQL Server]The conversion of a nvarchar data type to a datetime data type resulted in an out-of-range value. (242) (SQLExecDirectW)')
2025-09-18 22:34:39,208 - INFO - پایان فرآیند محاسبه جریمه‌ها.
2025-09-18 22:34:39,208 - INFO - =================================================

2025-09-18 22:36:12,008 - INFO - =================================================
2025-09-18 22:36:12,009 - INFO - شروع فرآیند محاسبه روزانه جریمه‌ها...
2025-09-18 22:36:12,010 - INFO - در حال اتصال به پایگاه داده...
2025-09-18 22:36:12,508 - INFO - اتصال با موفقیت برقرار شد.
2025-09-18 22:36:12,510 - INFO - تاریخ امروز (شمسی) برای مقایسه: 1404/06/27
2025-09-18 22:36:12,510 - INFO - در حال اجرای کوئری به‌روزرسانی جریمه‌ها...
2025-09-18 22:36:12,659 - INFO - هیچ قسط جدیدی برای اعمال جریمه امروز وجود نداشت.
2025-09-18 22:36:12,659 - INFO - پایان فرآیند محاسبه جریمه‌ها.
2025-09-18 22:36:12,660 - INFO - =================================================

2025-09-18 22:37:56,277 - INFO - =================================================
2025-09-18 22:37:56,277 - INFO - شروع فرآیند محاسبه روزانه جریمه‌ها...
2025-09-18 22:37:56,279 - INFO - در حال اتصال به پایگاه داده...
2025-09-18 22:37:56,886 - INFO - اتصال با موفقیت برقرار شد.
2025-09-18 22:37:56,886 - INFO - تاریخ امروز (شمسی) برای مقایسه: 1404/06/27
2025-09-18 22:37:56,887 - INFO - در حال اجرای کوئری به‌روزرسانی جریمه‌ها...
2025-09-18 22:37:56,996 - INFO - عملیات با موفقیت انجام شد. تعداد 1 قسط جریمه خوردند.
2025-09-18 22:37:56,997 - INFO - پایان فرآیند محاسبه جریمه‌ها.
2025-09-18 22:37:56,997 - INFO - =================================================

2025-09-18 22:39:33,325 - INFO - =================================================
2025-09-18 22:39:33,325 - INFO - شروع فرآیند محاسبه روزانه جریمه‌ها...
2025-09-18 22:39:33,326 - INFO - در حال اتصال به پایگاه داده...
2025-09-18 22:39:33,850 - INFO - اتصال با موفقیت برقرار شد.
2025-09-18 22:39:33,852 - INFO - تاریخ امروز (شمسی) برای مقایسه: 1404/06/27
2025-09-18 22:39:33,852 - INFO - در حال اجرای کوئری به‌روزرسانی جریمه‌ها...
2025-09-18 22:39:33,956 - INFO - عملیات با موفقیت انجام شد. تعداد 1 قسط جریمه خوردند.
2025-09-18 22:39:33,958 - INFO - پایان فرآیند محاسبه جریمه‌ها.
2025-09-18 22:39:33,958 - INFO - =================================================

2025-09-18 22:41:15,402 - INFO - =================================================
2025-09-18 22:41:15,403 - INFO - شروع فرآیند محاسبه روزانه جریمه‌ها...
2025-09-18 22:41:15,404 - INFO - در حال اتصال به پایگاه داده...
2025-09-18 22:41:15,773 - INFO - اتصال با موفقیت برقرار شد.
2025-09-18 22:41:15,774 - INFO - تاریخ امروز (شمسی) برای مقایسه: 1404/06/27
2025-09-18 22:41:15,774 - INFO - در حال اجرای کوئری به‌روزرسانی جریمه‌ها...
2025-09-18 22:41:15,913 - INFO - عملیات با موفقیت انجام شد. تعداد 1 قسط جریمه خوردند.
2025-09-18 22:41:15,914 - INFO - پایان فرآیند محاسبه جریمه‌ها.
2025-09-18 22:41:15,914 - INFO - =================================================

2025-09-18 22:41:36,358 - INFO - =================================================
2025-09-18 22:41:36,358 - INFO - شروع فرآیند محاسبه روزانه جریمه‌ها...
2025-09-18 22:41:36,359 - INFO - در حال اتصال به پایگاه داده...
2025-09-18 22:41:36,751 - INFO - اتصال با موفقیت برقرار شد.
2025-09-18 22:41:36,753 - INFO - تاریخ امروز (شمسی) برای مقایسه: 1404/06/27
2025-09-18 22:41:36,754 - INFO - در حال اجرای کوئری به‌روزرسانی جریمه‌ها...
2025-09-18 22:41:36,869 - INFO - عملیات با موفقیت انجام شد. تعداد 1 قسط جریمه خوردند.
2025-09-18 22:41:36,869 - INFO - پایان فرآیند محاسبه جریمه‌ها.
2025-09-18 22:41:36,869 - INFO - =================================================

2025-09-18 22:44:11,673 - INFO - =================================================
2025-09-18 22:44:11,674 - INFO - شروع فرآیند هوشمند محاسبه و همگام‌سازی جریمه‌ها...
2025-09-18 22:44:11,675 - INFO - در حال اتصال به پایگاه داده...
2025-09-18 22:44:12,059 - INFO - اتصال با موفقیت برقرار شد.
2025-09-18 22:44:12,061 - INFO - تاریخ امروز (شمسی) برای محاسبه: 1404/06/27
2025-09-18 22:44:12,062 - INFO - در حال اجرای کوئری همگام‌سازی جریمه‌ها...
2025-09-18 22:44:12,218 - INFO - عملیات با موفقیت انجام شد. تعداد 1 قسط به‌روزرسانی شدند.
2025-09-18 22:44:12,218 - INFO - پایان فرآیند همگام‌سازی جریمه‌ها.
2025-09-18 22:44:12,218 - INFO - =================================================

2025-09-18 22:44:19,325 - INFO - =================================================
2025-09-18 22:44:19,325 - INFO - شروع فرآیند هوشمند محاسبه و همگام‌سازی جریمه‌ها...
2025-09-18 22:44:19,327 - INFO - در حال اتصال به پایگاه داده...
2025-09-18 22:44:19,740 - INFO - اتصال با موفقیت برقرار شد.
2025-09-18 22:44:19,741 - INFO - تاریخ امروز (شمسی) برای محاسبه: 1404/06/27
2025-09-18 22:44:19,741 - INFO - در حال اجرای کوئری همگام‌سازی جریمه‌ها...
2025-09-18 22:44:19,849 - INFO - تمام جریمه‌ها در دیتابیس صحیح و به‌روز بودند. هیچ تغییری لازم نبود.
2025-09-18 22:44:19,850 - INFO - پایان فرآیند همگام‌سازی جریمه‌ها.
2025-09-18 22:44:19,850 - INFO - =================================================

2025-09-18 22:48:24,576 - INFO - =================================================
2025-09-18 22:48:24,577 - INFO - شروع فرآیند هوشمند محاسبه و همگام‌سازی جریمه‌ها...
2025-09-18 22:48:24,579 - INFO - در حال اتصال به پایگاه داده...
2025-09-18 22:48:24,927 - INFO - اتصال با موفقیت برقرار شد.
2025-09-18 22:48:24,929 - INFO - تاریخ امروز (شمسی) برای محاسبه: 1404/06/27
2025-09-18 22:48:24,929 - INFO - در حال اجرای کوئری همگام‌سازی جریمه‌ها...
2025-09-18 22:48:25,025 - INFO - عملیات با موفقیت انجام شد. تعداد 1 قسط به‌روزرسانی شدند.
2025-09-18 22:48:25,026 - INFO - پایان فرآیند همگام‌سازی جریمه‌ها.
2025-09-18 22:48:25,026 - INFO - =================================================

2025-09-18 22:52:28,689 - INFO - =================================================
2025-09-18 22:52:28,689 - INFO - شروع فرآیند هوشمند محاسبه و همگام‌سازی جریمه‌ها...
2025-09-18 22:52:28,690 - INFO - در حال اتصال به پایگاه داده...
2025-09-18 22:52:29,070 - INFO - اتصال با موفقیت برقرار شد.
2025-09-18 22:52:29,071 - INFO - تاریخ امروز (شمسی) برای محاسبه: 1404/06/27
2025-09-18 22:52:29,072 - INFO - در حال اجرای کوئری همگام‌سازی جریمه‌ها...
2025-09-18 22:52:29,208 - INFO - تمام جریمه‌ها در دیتابیس صحیح و به‌روز بودند. هیچ تغییری لازم نبود.
2025-09-18 22:52:29,209 - INFO - پایان فرآیند همگام‌سازی جریمه‌ها.
2025-09-18 22:52:29,209 - INFO - =================================================

2025-09-18 22:55:07,269 - INFO - =================================================
2025-09-18 22:55:07,270 - INFO - شروع فرآیند هوشمند محاسبه و همگام‌سازی جریمه‌ها...
2025-09-18 22:55:07,271 - INFO - در حال اتصال به پایگاه داده...
2025-09-18 22:55:07,676 - INFO - اتصال با موفقیت برقرار شد.
2025-09-18 22:55:07,677 - INFO - تاریخ امروز (شمسی) برای محاسبه: 1404/06/27
2025-09-18 22:55:07,677 - INFO - در حال اجرای کوئری همگام‌سازی جریمه‌ها...
2025-09-18 22:55:07,838 - INFO - تمام جریمه‌ها در دیتابیس صحیح و به‌روز بودند. هیچ تغییری لازم نبود.
2025-09-18 22:55:07,838 - INFO - پایان فرآیند همگام‌سازی جریمه‌ها.
2025-09-18 22:55:07,838 - INFO - =================================================

2025-09-18 22:57:01,459 - INFO - =================================================
2025-09-18 22:57:01,460 - INFO - شروع فرآیند هوشمند محاسبه و همگام‌سازی جریمه‌ها...
2025-09-18 22:57:01,461 - INFO - در حال اتصال به پایگاه داده...
2025-09-18 22:57:01,887 - INFO - اتصال با موفقیت برقرار شد.
2025-09-18 22:57:01,888 - INFO - تاریخ امروز (شمسی) برای محاسبه: 1404/06/27
2025-09-18 22:57:01,889 - INFO - در حال اجرای کوئری همگام‌سازی جریمه‌ها...
2025-09-18 22:57:02,019 - INFO - تمام جریمه‌ها در دیتابیس صحیح و به‌روز بودند. هیچ تغییری لازم نبود.
2025-09-18 22:57:02,020 - INFO - پایان فرآیند همگام‌سازی جریمه‌ها.
2025-09-18 22:57:02,020 - INFO - =================================================

2025-09-18 23:00:07,400 - INFO - =================================================
2025-09-18 23:00:07,404 - INFO - شروع فرآیند هوشمند محاسبه و همگام‌سازی جریمه‌ها...
2025-09-18 23:00:07,406 - INFO - در حال اتصال به پایگاه داده...
2025-09-18 23:00:07,787 - INFO - اتصال با موفقیت برقرار شد.
2025-09-18 23:00:07,788 - INFO - تاریخ امروز (شمسی) برای محاسبه: 1404/06/27
2025-09-18 23:00:07,789 - INFO - در حال اجرای کوئری همگام‌سازی جریمه‌ها...
2025-09-18 23:00:08,014 - INFO - تمام جریمه‌ها در دیتابیس صحیح و به‌روز بودند. هیچ تغییری لازم نبود.
2025-09-18 23:00:08,014 - INFO - پایان فرآیند همگام‌سازی جریمه‌ها.
2025-09-18 23:00:08,014 - INFO - =================================================

2025-09-18 23:04:45,689 - INFO - =================================================
2025-09-18 23:04:45,689 - INFO - شروع فرآیند هوشمند محاسبه و همگام‌سازی جریمه‌ها...
2025-09-18 23:04:45,690 - INFO - در حال اتصال به پایگاه داده...
2025-09-18 23:04:46,056 - INFO - اتصال با موفقیت برقرار شد.
2025-09-18 23:04:46,057 - INFO - تاریخ امروز (شمسی) برای محاسبه: 1404/06/27
2025-09-18 23:04:46,058 - INFO - در حال اجرای کوئری همگام‌سازی جریمه‌ها...
2025-09-18 23:04:46,151 - INFO - تمام جریمه‌ها در دیتابیس صحیح و به‌روز بودند. هیچ تغییری لازم نبود.
2025-09-18 23:04:46,151 - INFO - پایان فرآیند همگام‌سازی جریمه‌ها.
2025-09-18 23:04:46,152 - INFO - =================================================

2025-09-18 23:05:21,589 - INFO - =================================================
2025-09-18 23:05:21,590 - INFO - شروع فرآیند هوشمند محاسبه و همگام‌سازی جریمه‌ها...
2025-09-18 23:05:21,592 - INFO - در حال اتصال به پایگاه داده...
2025-09-18 23:05:22,846 - INFO - اتصال با موفقیت برقرار شد.
2025-09-18 23:05:22,847 - INFO - تاریخ امروز (شمسی) برای محاسبه: 1404/06/27
2025-09-18 23:05:22,847 - INFO - در حال اجرای کوئری همگام‌سازی جریمه‌ها...
2025-09-18 23:05:23,012 - INFO - عملیات با موفقیت انجام شد. تعداد 1 قسط به‌روزرسانی شدند.
2025-09-18 23:05:23,012 - INFO - پایان فرآیند همگام‌سازی جریمه‌ها.
2025-09-18 23:05:23,013 - INFO - =================================================

2025-09-18 23:06:31,741 - INFO - =================================================
2025-09-18 23:06:31,742 - INFO - شروع فرآیند هوشمند محاسبه و همگام‌سازی جریمه‌ها...
2025-09-18 23:06:31,743 - INFO - در حال اتصال به پایگاه داده...
2025-09-18 23:06:32,177 - INFO - اتصال با موفقیت برقرار شد.
2025-09-18 23:06:32,179 - INFO - تاریخ امروز (شمسی) برای محاسبه: 1404/06/27
2025-09-18 23:06:32,180 - INFO - در حال اجرای کوئری همگام‌سازی جریمه‌ها...
2025-09-18 23:06:32,340 - INFO - عملیات با موفقیت انجام شد. تعداد 1 قسط به‌روزرسانی شدند.
2025-09-18 23:06:32,340 - INFO - پایان فرآیند همگام‌سازی جریمه‌ها.
2025-09-18 23:06:32,340 - INFO - =================================================

2025-09-18 23:08:37,174 - INFO - =================================================
2025-09-18 23:08:37,174 - INFO - شروع فرآیند هوشمند محاسبه و همگام‌سازی جریمه‌ها...
2025-09-18 23:08:37,175 - INFO - در حال اتصال به پایگاه داده...
2025-09-18 23:08:37,563 - INFO - اتصال با موفقیت برقرار شد.
2025-09-18 23:08:37,564 - INFO - تاریخ امروز (شمسی) برای محاسبه: 1404/06/27
2025-09-18 23:08:37,565 - INFO - در حال اجرای کوئری همگام‌سازی جریمه‌ها...
2025-09-18 23:08:37,674 - INFO - تمام جریمه‌ها در دیتابیس صحیح و به‌روز بودند. هیچ تغییری لازم نبود.
2025-09-18 23:08:37,674 - INFO - پایان فرآیند همگام‌سازی جریمه‌ها.
2025-09-18 23:08:37,675 - INFO - =================================================

2025-09-18 23:12:45,032 - INFO - =================================================
2025-09-18 23:12:45,032 - INFO - شروع فرآیند هوشمند محاسبه و همگام‌سازی جریمه‌ها...
2025-09-18 23:12:45,033 - INFO - در حال اتصال به پایگاه داده...
2025-09-18 23:12:45,401 - INFO - اتصال با موفقیت برقرار شد.
2025-09-18 23:12:45,402 - INFO - تاریخ امروز (شمسی) برای محاسبه: 1404/06/27
2025-09-18 23:12:45,403 - INFO - در حال اجرای کوئری همگام‌سازی جریمه‌ها...
2025-09-18 23:12:45,515 - INFO - عملیات با موفقیت انجام شد. تعداد 2 قسط به‌روزرسانی شدند.
2025-09-18 23:12:45,515 - INFO - پایان فرآیند همگام‌سازی جریمه‌ها.
2025-09-18 23:12:45,515 - INFO - =================================================

2025-09-18 23:13:38,066 - INFO - =================================================
2025-09-18 23:13:38,067 - INFO - شروع فرآیند هوشمند محاسبه و همگام‌سازی جریمه‌ها...
2025-09-18 23:13:38,070 - INFO - در حال اتصال به پایگاه داده...
2025-09-18 23:13:38,424 - INFO - اتصال با موفقیت برقرار شد.
2025-09-18 23:13:38,425 - INFO - تاریخ امروز (شمسی) برای محاسبه: 1404/06/27
2025-09-18 23:13:38,425 - INFO - در حال اجرای کوئری همگام‌سازی جریمه‌ها...
2025-09-18 23:13:38,527 - INFO - تمام جریمه‌ها در دیتابیس صحیح و به‌روز بودند. هیچ تغییری لازم نبود.
2025-09-18 23:13:38,528 - INFO - پایان فرآیند همگام‌سازی جریمه‌ها.
2025-09-18 23:13:38,528 - INFO - =================================================

2025-09-18 23:14:29,247 - INFO - =================================================
2025-09-18 23:14:29,247 - INFO - شروع فرآیند هوشمند محاسبه و همگام‌سازی جریمه‌ها...
2025-09-18 23:14:29,248 - INFO - در حال اتصال به پایگاه داده...
2025-09-18 23:14:29,633 - INFO - اتصال با موفقیت برقرار شد.
2025-09-18 23:14:29,634 - INFO - تاریخ امروز (شمسی) برای محاسبه: 1404/06/27
2025-09-18 23:14:29,634 - INFO - در حال اجرای کوئری همگام‌سازی جریمه‌ها...
2025-09-18 23:14:29,739 - INFO - تمام جریمه‌ها در دیتابیس صحیح و به‌روز بودند. هیچ تغییری لازم نبود.
2025-09-18 23:14:29,739 - INFO - پایان فرآیند همگام‌سازی جریمه‌ها.
2025-09-18 23:14:29,739 - INFO - =================================================

2025-09-18 23:14:54,066 - INFO - =================================================
2025-09-18 23:14:54,067 - INFO - شروع فرآیند هوشمند محاسبه و همگام‌سازی جریمه‌ها...
2025-09-18 23:14:54,068 - INFO - در حال اتصال به پایگاه داده...
2025-09-18 23:14:54,729 - INFO - اتصال با موفقیت برقرار شد.
2025-09-18 23:14:54,730 - INFO - تاریخ امروز (شمسی) برای محاسبه: 1404/06/27
2025-09-18 23:14:54,730 - INFO - در حال اجرای کوئری همگام‌سازی جریمه‌ها...
2025-09-18 23:14:54,835 - INFO - تمام جریمه‌ها در دیتابیس صحیح و به‌روز بودند. هیچ تغییری لازم نبود.
2025-09-18 23:14:54,835 - INFO - پایان فرآیند همگام‌سازی جریمه‌ها.
2025-09-18 23:14:54,836 - INFO - =================================================

2025-09-18 23:29:32,584 - INFO - =================================================
2025-09-18 23:29:32,585 - INFO - شروع فرآیند هوشمند محاسبه و همگام‌سازی جریمه‌ها...
2025-09-18 23:29:32,586 - INFO - در حال اتصال به پایگاه داده...
2025-09-18 23:29:32,924 - INFO - اتصال با موفقیت برقرار شد.
2025-09-18 23:29:32,925 - INFO - تاریخ امروز (شمسی) برای محاسبه: 1404/06/27
2025-09-18 23:29:32,925 - INFO - در حال اجرای کوئری همگام‌سازی جریمه‌ها...
2025-09-18 23:29:33,038 - INFO - عملیات با موفقیت انجام شد. تعداد 2 قسط به‌روزرسانی شدند.
2025-09-18 23:29:33,038 - INFO - پایان فرآیند همگام‌سازی جریمه‌ها.
2025-09-18 23:29:33,039 - INFO - =================================================

