2025-11-06 16:03:13,799 - INFO - =================================================
2025-11-06 16:03:13,799 - INFO - شروع فرآیند هوشمند محاسبه و همگام‌سازی جریمه‌ها...
2025-11-06 16:03:13,800 - INFO - در حال اتصال به پایگاه داده...
2025-11-06 16:03:14,158 - INFO - اتصال با موفقیت برقرار شد.
2025-11-06 16:03:14,159 - INFO - تاریخ امروز (شمسی) برای محاسبه: 1404/08/15
2025-11-06 16:03:14,160 - INFO - در حال اجرای کوئری همگام‌سازی جریمه‌ها...
2025-11-06 16:03:14,342 - INFO - عملیات با موفقیت انجام شد. تعداد 4 قسط به‌روزرسانی شدند.
2025-11-06 16:03:14,343 - INFO - پایان فرآیند همگام‌سازی جریمه‌ها.
2025-11-06 16:03:14,343 - INFO - =================================================

2025-11-06 16:04:53,703 - INFO - =================================================
2025-11-06 16:04:53,704 - INFO - شروع فرآیند هوشمند محاسبه و همگام‌سازی جریمه‌ها...
2025-11-06 16:04:53,704 - INFO - در حال اتصال به پایگاه داده...
2025-11-06 16:04:54,066 - INFO - اتصال با موفقیت برقرار شد.
2025-11-06 16:04:54,067 - INFO - تاریخ امروز (شمسی) برای محاسبه: 1404/08/15
2025-11-06 16:04:54,067 - INFO - در حال اجرای کوئری همگام‌سازی جریمه‌ها...
2025-11-06 16:04:54,186 - INFO - عملیات با موفقیت انجام شد. تعداد 1 قسط به‌روزرسانی شدند.
2025-11-06 16:04:54,186 - INFO - پایان فرآیند همگام‌سازی جریمه‌ها.
2025-11-06 16:04:54,186 - INFO - =================================================

2025-11-06 16:06:09,265 - INFO - =================================================
2025-11-06 16:06:09,265 - INFO - شروع فرآیند هوشمند محاسبه و همگام‌سازی جریمه‌ها...
2025-11-06 16:06:09,266 - INFO - در حال اتصال به پایگاه داده...
2025-11-06 16:06:09,620 - INFO - اتصال با موفقیت برقرار شد.
2025-11-06 16:06:09,621 - INFO - تاریخ امروز (شمسی) برای محاسبه: 1404/08/15
2025-11-06 16:06:09,621 - INFO - در حال اجرای کوئری همگام‌سازی جریمه‌ها...
2025-11-06 16:06:09,732 - INFO - تمام جریمه‌ها در دیتابیس صحیح و به‌روز بودند. هیچ تغییری لازم نبود.
2025-11-06 16:06:09,733 - INFO - پایان فرآیند همگام‌سازی جریمه‌ها.
2025-11-06 16:06:09,733 - INFO - =================================================

